<?xml version="1.0" encoding="UTF-8"?>
<!-- Generated by org.testng.reporters.JUnitReportReporter -->
<testsuite hostname="UA-LS-0024" name="com.skywind.qa.test.SpinTest" tests="33" failures="0" timestamp="17 Nov 2017 15:41:17 GMT" time="5.804" errors="0">
  <testcase name="testSpin" time="0.158" classname="com.skywind.qa.test.SpinTest"/>
  <testcase name="testSpin" time="0.148" classname="com.skywind.qa.test.SpinTest"/>
  <testcase name="testSpin" time="0.208" classname="com.skywind.qa.test.SpinTest"/>
  <testcase name="testSpin" time="0.225" classname="com.skywind.qa.test.SpinTest"/>
  <testcase name="testSpin" time="0.156" classname="com.skywind.qa.test.SpinTest"/>
  <testcase name="testSpin" time="0.151" classname="com.skywind.qa.test.SpinTest"/>
  <testcase name="testSpin" time="0.149" classname="com.skywind.qa.test.SpinTest"/>
  <testcase name="testSpin" time="0.320" classname="com.skywind.qa.test.SpinTest"/>
  <testcase name="testSpin" time="0.146" classname="com.skywind.qa.test.SpinTest"/>
  <testcase name="testSpin" time="0.166" classname="com.skywind.qa.test.SpinTest"/>
  <testcase name="testSpin" time="0.153" classname="com.skywind.qa.test.SpinTest"/>
  <testcase name="testSpin" time="0.169" classname="com.skywind.qa.test.SpinTest"/>
  <testcase name="testSpin" time="0.208" classname="com.skywind.qa.test.SpinTest"/>
  <testcase name="testSpin" time="0.146" classname="com.skywind.qa.test.SpinTest"/>
  <testcase name="testSpin" time="0.167" classname="com.skywind.qa.test.SpinTest"/>
  <testcase name="testSpin" time="0.163" classname="com.skywind.qa.test.SpinTest"/>
  <testcase name="testSpin" time="0.163" classname="com.skywind.qa.test.SpinTest"/>
  <testcase name="testSpin" time="0.158" classname="com.skywind.qa.test.SpinTest"/>
  <testcase name="testSpin" time="0.231" classname="com.skywind.qa.test.SpinTest"/>
  <testcase name="testSpin" time="0.150" classname="com.skywind.qa.test.SpinTest"/>
  <testcase name="testSpin" time="0.197" classname="com.skywind.qa.test.SpinTest"/>
  <testcase name="testSpin" time="0.164" classname="com.skywind.qa.test.SpinTest"/>
  <testcase name="testSpin" time="0.189" classname="com.skywind.qa.test.SpinTest"/>
  <testcase name="testSpin" time="0.161" classname="com.skywind.qa.test.SpinTest"/>
  <testcase name="testSpin" time="0.240" classname="com.skywind.qa.test.SpinTest"/>
  <testcase name="testSpin" time="0.182" classname="com.skywind.qa.test.SpinTest"/>
  <testcase name="testSpin" time="0.166" classname="com.skywind.qa.test.SpinTest"/>
  <testcase name="testSpin" time="0.180" classname="com.skywind.qa.test.SpinTest"/>
  <testcase name="testSpin" time="0.151" classname="com.skywind.qa.test.SpinTest"/>
  <testcase name="testSpin" time="0.156" classname="com.skywind.qa.test.SpinTest"/>
  <testcase name="testSpin" time="0.150" classname="com.skywind.qa.test.SpinTest"/>
  <testcase name="testSpin" time="0.153" classname="com.skywind.qa.test.SpinTest"/>
  <testcase name="testSpin" time="0.180" classname="com.skywind.qa.test.SpinTest"/>
</testsuite> <!-- com.skywind.qa.test.SpinTest -->
